<?xml version="1.0" encoding="UTF-8"?>
<testsuite name="com.ciber12.calculator12.CalculatorApplicationTests" tests="2" skipped="0" failures="0" errors="0" timestamp="2022-05-06T18:30:13" hostname="DEBDOCKER-35" time="0.035">
  <properties/>
  <testcase name="testSum()" classname="com.ciber12.calculator12.CalculatorApplicationTests" time="0.021"/>
  <testcase name="contextLoads()" classname="com.ciber12.calculator12.CalculatorApplicationTests" time="0.011"/>
  <system-out><![CDATA[2022-05-06 20:30:13.089  INFO 3546 --- [    Test worker] .b.t.c.SpringBootTestContextBootstrapper : Neither @ContextConfiguration nor @ContextHierarchy found for test class [com.ciber12.calculator12.CalculatorApplicationTests], using SpringBootContextLoader
2022-05-06 20:30:13.091  INFO 3546 --- [    Test worker] o.s.t.c.support.AbstractContextLoader    : Could not detect default resource locations for test class [com.ciber12.calculator12.CalculatorApplicationTests]: no resource found for suffixes {-context.xml, Context.groovy}.
2022-05-06 20:30:13.095  INFO 3546 --- [    Test worker] t.c.s.AnnotationConfigContextLoaderUtils : Could not detect default configuration classes for test class [com.ciber12.calculator12.CalculatorApplicationTests]: CalculatorApplicationTests does not declare any static, non-private, non-final, nested classes annotated with @Configuration.
2022-05-06 20:30:13.099  INFO 3546 --- [    Test worker] .b.t.c.SpringBootTestContextBootstrapper : Found @SpringBootConfiguration com.ciber12.calculator12.Calculator12Application for test class com.ciber12.calculator12.CalculatorApplicationTests
2022-05-06 20:30:13.112  INFO 3546 --- [    Test worker] .b.t.c.SpringBootTestContextBootstrapper : Loaded default TestExecutionListener class names from location [META-INF/spring.factories]: [org.springframework.boot.test.autoconfigure.restdocs.RestDocsTestExecutionListener, org.springframework.boot.test.autoconfigure.web.client.MockRestServiceServerResetTestExecutionListener, org.springframework.boot.test.autoconfigure.web.servlet.MockMvcPrintOnlyOnFailureTestExecutionListener, org.springframework.boot.test.autoconfigure.web.servlet.WebDriverTestExecutionListener, org.springframework.boot.test.autoconfigure.webservices.client.MockWebServiceServerTestExecutionListener, org.springframework.boot.test.mock.mockito.MockitoTestExecutionListener, org.springframework.boot.test.mock.mockito.ResetMocksTestExecutionListener, org.springframework.test.context.web.ServletTestExecutionListener, org.springframework.test.context.support.DirtiesContextBeforeModesTestExecutionListener, org.springframework.test.context.event.ApplicationEventsTestExecutionListener, org.springframework.test.context.support.DependencyInjectionTestExecutionListener, org.springframework.test.context.support.DirtiesContextTestExecutionListener, org.springframework.test.context.transaction.TransactionalTestExecutionListener, org.springframework.test.context.jdbc.SqlScriptsTestExecutionListener, org.springframework.test.context.event.EventPublishingTestExecutionListener]
2022-05-06 20:30:13.118  INFO 3546 --- [    Test worker] .b.t.c.SpringBootTestContextBootstrapper : Using TestExecutionListeners: [org.springframework.test.context.web.ServletTestExecutionListener@5d665b8c, org.springframework.test.context.support.DirtiesContextBeforeModesTestExecutionListener@4e9fe3e, org.springframework.test.context.event.ApplicationEventsTestExecutionListener@6cf63fd7, org.springframework.boot.test.mock.mockito.MockitoTestExecutionListener@7e6699cc, org.springframework.boot.test.autoconfigure.SpringBootDependencyInjectionTestExecutionListener@11b317b7, org.springframework.test.context.support.DirtiesContextTestExecutionListener@5a6003b1, org.springframework.test.context.event.EventPublishingTestExecutionListener@7b597ad, org.springframework.boot.test.autoconfigure.restdocs.RestDocsTestExecutionListener@4d57c66e, org.springframework.boot.test.autoconfigure.web.client.MockRestServiceServerResetTestExecutionListener@44d06edc, org.springframework.boot.test.autoconfigure.web.servlet.MockMvcPrintOnlyOnFailureTestExecutionListener@1e77807c, org.springframework.boot.test.autoconfigure.web.servlet.WebDriverTestExecutionListener@35d474e0, org.springframework.boot.test.autoconfigure.webservices.client.MockWebServiceServerTestExecutionListener@4643b082, org.springframework.boot.test.mock.mockito.ResetMocksTestExecutionListener@1a29018]
]]></system-out>
  <system-err><![CDATA[]]></system-err>
</testsuite>
