<?xml version="1.0" encoding="UTF-8"?>
<testsuite name="com.ciber12.calculator12.Calculator12ApplicationTests" tests="1" skipped="0" failures="0" errors="0" timestamp="2022-05-03T17:11:37" hostname="DEBDOCKER-35" time="1.394">
  <properties/>
  <testcase name="contextLoads()" classname="com.ciber12.calculator12.Calculator12ApplicationTests" time="1.394"/>
  <system-out><![CDATA[19:11:25.210 [Test worker] DEBUG org.springframework.test.context.BootstrapUtils - Instantiating CacheAwareContextLoaderDelegate from class [org.springframework.test.context.cache.DefaultCacheAwareContextLoaderDelegate]
19:11:25.313 [Test worker] DEBUG org.springframework.test.context.BootstrapUtils - Instantiating BootstrapContext using constructor [public org.springframework.test.context.support.DefaultBootstrapContext(java.lang.Class,org.springframework.test.context.CacheAwareContextLoaderDelegate)]
19:11:25.556 [Test worker] DEBUG org.springframework.test.context.BootstrapUtils - Instantiating TestContextBootstrapper for test class [com.ciber12.calculator12.Calculator12ApplicationTests] from class [org.springframework.boot.test.context.SpringBootTestContextBootstrapper]
19:11:25.624 [Test worker] INFO org.springframework.boot.test.context.SpringBootTestContextBootstrapper - Neither @ContextConfiguration nor @ContextHierarchy found for test class [com.ciber12.calculator12.Calculator12ApplicationTests], using SpringBootContextLoader
19:11:25.665 [Test worker] DEBUG org.springframework.test.context.support.AbstractContextLoader - Did not detect default resource location for test class [com.ciber12.calculator12.Calculator12ApplicationTests]: class path resource [com/ciber12/calculator12/Calculator12ApplicationTests-context.xml] does not exist
19:11:25.676 [Test worker] DEBUG org.springframework.test.context.support.AbstractContextLoader - Did not detect default resource location for test class [com.ciber12.calculator12.Calculator12ApplicationTests]: class path resource [com/ciber12/calculator12/Calculator12ApplicationTestsContext.groovy] does not exist
19:11:25.678 [Test worker] INFO org.springframework.test.context.support.AbstractContextLoader - Could not detect default resource locations for test class [com.ciber12.calculator12.Calculator12ApplicationTests]: no resource found for suffixes {-context.xml, Context.groovy}.
19:11:25.682 [Test worker] INFO org.springframework.test.context.support.AnnotationConfigContextLoaderUtils - Could not detect default configuration classes for test class [com.ciber12.calculator12.Calculator12ApplicationTests]: Calculator12ApplicationTests does not declare any static, non-private, non-final, nested classes annotated with @Configuration.
19:11:25.931 [Test worker] DEBUG org.springframework.test.context.support.ActiveProfilesUtils - Could not find an 'annotation declaring class' for annotation type [org.springframework.test.context.ActiveProfiles] and class [com.ciber12.calculator12.Calculator12ApplicationTests]
19:11:26.346 [Test worker] DEBUG org.springframework.context.annotation.ClassPathScanningCandidateComponentProvider - Identified candidate component class: file [/home/administrador/calculator12/build/classes/java/main/com/ciber12/calculator12/Calculator12Application.class]
19:11:26.386 [Test worker] INFO org.springframework.boot.test.context.SpringBootTestContextBootstrapper - Found @SpringBootConfiguration com.ciber12.calculator12.Calculator12Application for test class com.ciber12.calculator12.Calculator12ApplicationTests
19:11:27.030 [Test worker] DEBUG org.springframework.boot.test.context.SpringBootTestContextBootstrapper - @TestExecutionListeners is not present for class [com.ciber12.calculator12.Calculator12ApplicationTests]: using defaults.
19:11:27.033 [Test worker] INFO org.springframework.boot.test.context.SpringBootTestContextBootstrapper - Loaded default TestExecutionListener class names from location [META-INF/spring.factories]: [org.springframework.boot.test.autoconfigure.restdocs.RestDocsTestExecutionListener, org.springframework.boot.test.autoconfigure.web.client.MockRestServiceServerResetTestExecutionListener, org.springframework.boot.test.autoconfigure.web.servlet.MockMvcPrintOnlyOnFailureTestExecutionListener, org.springframework.boot.test.autoconfigure.web.servlet.WebDriverTestExecutionListener, org.springframework.boot.test.autoconfigure.webservices.client.MockWebServiceServerTestExecutionListener, org.springframework.boot.test.mock.mockito.MockitoTestExecutionListener, org.springframework.boot.test.mock.mockito.ResetMocksTestExecutionListener, org.springframework.test.context.web.ServletTestExecutionListener, org.springframework.test.context.support.DirtiesContextBeforeModesTestExecutionListener, org.springframework.test.context.event.ApplicationEventsTestExecutionListener, org.springframework.test.context.support.DependencyInjectionTestExecutionListener, org.springframework.test.context.support.DirtiesContextTestExecutionListener, org.springframework.test.context.transaction.TransactionalTestExecutionListener, org.springframework.test.context.jdbc.SqlScriptsTestExecutionListener, org.springframework.test.context.event.EventPublishingTestExecutionListener]
19:11:27.115 [Test worker] DEBUG org.springframework.boot.test.context.SpringBootTestContextBootstrapper - Skipping candidate TestExecutionListener [org.springframework.test.context.transaction.TransactionalTestExecutionListener] due to a missing dependency. Specify custom listener classes or make the default listener classes and their required dependencies available. Offending class: [org/springframework/transaction/interceptor/TransactionAttributeSource]
19:11:27.121 [Test worker] DEBUG org.springframework.boot.test.context.SpringBootTestContextBootstrapper - Skipping candidate TestExecutionListener [org.springframework.test.context.jdbc.SqlScriptsTestExecutionListener] due to a missing dependency. Specify custom listener classes or make the default listener classes and their required dependencies available. Offending class: [org/springframework/transaction/interceptor/TransactionAttribute]
19:11:27.128 [Test worker] INFO org.springframework.boot.test.context.SpringBootTestContextBootstrapper - Using TestExecutionListeners: [org.springframework.test.context.web.ServletTestExecutionListener@36fe83d, org.springframework.test.context.support.DirtiesContextBeforeModesTestExecutionListener@310f8a05, org.springframework.test.context.event.ApplicationEventsTestExecutionListener@4f98ac31, org.springframework.boot.test.mock.mockito.MockitoTestExecutionListener@5cb6abc8, org.springframework.boot.test.autoconfigure.SpringBootDependencyInjectionTestExecutionListener@20e48e63, org.springframework.test.context.support.DirtiesContextTestExecutionListener@6d7677d8, org.springframework.test.context.event.EventPublishingTestExecutionListener@6705b763, org.springframework.boot.test.autoconfigure.restdocs.RestDocsTestExecutionListener@e04b8a0, org.springframework.boot.test.autoconfigure.web.client.MockRestServiceServerResetTestExecutionListener@a97a895, org.springframework.boot.test.autoconfigure.web.servlet.MockMvcPrintOnlyOnFailureTestExecutionListener@5401c6a8, org.springframework.boot.test.autoconfigure.web.servlet.WebDriverTestExecutionListener@1ef5cde4, org.springframework.boot.test.autoconfigure.webservices.client.MockWebServiceServerTestExecutionListener@359fa722, org.springframework.boot.test.mock.mockito.ResetMocksTestExecutionListener@27b7204]
19:11:27.144 [Test worker] DEBUG org.springframework.test.context.support.AbstractDirtiesContextTestExecutionListener - Before test class: context [DefaultTestContext@64af5454 testClass = Calculator12ApplicationTests, testInstance = [null], testMethod = [null], testException = [null], mergedContextConfiguration = [WebMergedContextConfiguration@94aeba1 testClass = Calculator12ApplicationTests, locations = '{}', classes = '{class com.ciber12.calculator12.Calculator12Application}', contextInitializerClasses = '[]', activeProfiles = '{}', propertySourceLocations = '{}', propertySourceProperties = '{org.springframework.boot.test.context.SpringBootTestContextBootstrapper=true}', contextCustomizers = set[org.springframework.boot.test.autoconfigure.actuate.metrics.MetricsExportContextCustomizerFactory$DisableMetricExportContextCustomizer@70fede7d, org.springframework.boot.test.autoconfigure.properties.PropertyMappingContextCustomizer@0, org.springframework.boot.test.autoconfigure.web.servlet.WebDriverContextCustomizerFactory$Customizer@74fb5b59, org.springframework.boot.test.context.filter.ExcludeFilterContextCustomizer@1e92c3b6, org.springframework.boot.test.json.DuplicateJsonObjectContextCustomizerFactory$DuplicateJsonObjectContextCustomizer@4d7cac24, org.springframework.boot.test.mock.mockito.MockitoContextCustomizer@0, org.springframework.boot.test.web.client.TestRestTemplateContextCustomizer@2ad7bd26, org.springframework.boot.test.context.SpringBootTestArgs@1, org.springframework.boot.test.context.SpringBootTestWebEnvironment@34e20e6b], resourceBasePath = 'src/main/webapp', contextLoader = 'org.springframework.boot.test.context.SpringBootContextLoader', parent = [null]], attributes = map['org.springframework.test.context.web.ServletTestExecutionListener.activateListener' -> true]], class annotated with @DirtiesContext [false] with mode [null].

  .   ____          _            __ _ _
 /\\ / ___'_ __ _ _(_)_ __  __ _ \ \ \ \
( ( )\___ | '_ | '_| | '_ \/ _` | \ \ \ \
 \\/  ___)| |_)| | | | | || (_| |  ) ) ) )
  '  |____| .__|_| |_|_| |_\__, | / / / /
 =========|_|==============|___/=/_/_/_/
 :: Spring Boot ::                (v2.6.7)

2022-05-03 19:11:28.890  INFO 20922 --- [    Test worker] c.c.c.Calculator12ApplicationTests       : Starting Calculator12ApplicationTests using Java 11.0.14 on DEBDOCKER-35 with PID 20922 (started by administrador in /home/administrador/calculator12)
2022-05-03 19:11:28.897  INFO 20922 --- [    Test worker] c.c.c.Calculator12ApplicationTests       : No active profile set, falling back to 1 default profile: "default"
2022-05-03 19:11:37.294  INFO 20922 --- [    Test worker] c.c.c.Calculator12ApplicationTests       : Started Calculator12ApplicationTests in 9.906 seconds (JVM running for 16.672)
]]></system-out>
  <system-err><![CDATA[]]></system-err>
</testsuite>
