<?xml version="1.0" encoding="UTF-8"?>
<testsuite name="com.ciber12.calculator12.CalculatorApplicationTests" tests="2" skipped="0" failures="0" errors="0" timestamp="2022-05-03T17:11:38" hostname="DEBDOCKER-35" time="0.044">
  <properties/>
  <testcase name="testSum()" classname="com.ciber12.calculator12.CalculatorApplicationTests" time="0.029"/>
  <testcase name="contextLoads()" classname="com.ciber12.calculator12.CalculatorApplicationTests" time="0.012"/>
  <system-out><![CDATA[2022-05-03 19:11:38.797  INFO 20922 --- [    Test worker] .b.t.c.SpringBootTestContextBootstrapper : Neither @ContextConfiguration nor @ContextHierarchy found for test class [com.ciber12.calculator12.CalculatorApplicationTests], using SpringBootContextLoader
2022-05-03 19:11:38.799  INFO 20922 --- [    Test worker] o.s.t.c.support.AbstractContextLoader    : Could not detect default resource locations for test class [com.ciber12.calculator12.CalculatorApplicationTests]: no resource found for suffixes {-context.xml, Context.groovy}.
2022-05-03 19:11:38.807  INFO 20922 --- [    Test worker] t.c.s.AnnotationConfigContextLoaderUtils : Could not detect default configuration classes for test class [com.ciber12.calculator12.CalculatorApplicationTests]: CalculatorApplicationTests does not declare any static, non-private, non-final, nested classes annotated with @Configuration.
2022-05-03 19:11:38.812  INFO 20922 --- [    Test worker] .b.t.c.SpringBootTestContextBootstrapper : Found @SpringBootConfiguration com.ciber12.calculator12.Calculator12Application for test class com.ciber12.calculator12.CalculatorApplicationTests
2022-05-03 19:11:38.824  INFO 20922 --- [    Test worker] .b.t.c.SpringBootTestContextBootstrapper : Loaded default TestExecutionListener class names from location [META-INF/spring.factories]: [org.springframework.boot.test.autoconfigure.restdocs.RestDocsTestExecutionListener, org.springframework.boot.test.autoconfigure.web.client.MockRestServiceServerResetTestExecutionListener, org.springframework.boot.test.autoconfigure.web.servlet.MockMvcPrintOnlyOnFailureTestExecutionListener, org.springframework.boot.test.autoconfigure.web.servlet.WebDriverTestExecutionListener, org.springframework.boot.test.autoconfigure.webservices.client.MockWebServiceServerTestExecutionListener, org.springframework.boot.test.mock.mockito.MockitoTestExecutionListener, org.springframework.boot.test.mock.mockito.ResetMocksTestExecutionListener, org.springframework.test.context.web.ServletTestExecutionListener, org.springframework.test.context.support.DirtiesContextBeforeModesTestExecutionListener, org.springframework.test.context.event.ApplicationEventsTestExecutionListener, org.springframework.test.context.support.DependencyInjectionTestExecutionListener, org.springframework.test.context.support.DirtiesContextTestExecutionListener, org.springframework.test.context.transaction.TransactionalTestExecutionListener, org.springframework.test.context.jdbc.SqlScriptsTestExecutionListener, org.springframework.test.context.event.EventPublishingTestExecutionListener]
2022-05-03 19:11:38.829  INFO 20922 --- [    Test worker] .b.t.c.SpringBootTestContextBootstrapper : Using TestExecutionListeners: [org.springframework.test.context.web.ServletTestExecutionListener@2140dd9a, org.springframework.test.context.support.DirtiesContextBeforeModesTestExecutionListener@3d42a303, org.springframework.test.context.event.ApplicationEventsTestExecutionListener@685c2ee6, org.springframework.boot.test.mock.mockito.MockitoTestExecutionListener@395a2458, org.springframework.boot.test.autoconfigure.SpringBootDependencyInjectionTestExecutionListener@1e5192e4, org.springframework.test.context.support.DirtiesContextTestExecutionListener@36a37096, org.springframework.test.context.event.EventPublishingTestExecutionListener@3f0153ba, org.springframework.boot.test.autoconfigure.restdocs.RestDocsTestExecutionListener@5711c8e6, org.springframework.boot.test.autoconfigure.web.client.MockRestServiceServerResetTestExecutionListener@4545b652, org.springframework.boot.test.autoconfigure.web.servlet.MockMvcPrintOnlyOnFailureTestExecutionListener@68cf49ac, org.springframework.boot.test.autoconfigure.web.servlet.WebDriverTestExecutionListener@5d665b8c, org.springframework.boot.test.autoconfigure.webservices.client.MockWebServiceServerTestExecutionListener@4e9fe3e, org.springframework.boot.test.mock.mockito.ResetMocksTestExecutionListener@6cf63fd7]
]]></system-out>
  <system-err><![CDATA[]]></system-err>
</testsuite>
