<?xml version="1.0" encoding="UTF-8"?>
<testsuite name="com.ciber12.calculator12.CalculatorApplicationTests" tests="2" skipped="0" failures="0" errors="0" timestamp="2022-04-29T18:39:47" hostname="DEBDOCKER-35" time="0.033">
  <properties/>
  <testcase name="testSum()" classname="com.ciber12.calculator12.CalculatorApplicationTests" time="0.014"/>
  <testcase name="contextLoads()" classname="com.ciber12.calculator12.CalculatorApplicationTests" time="0.013"/>
  <system-out><![CDATA[2022-04-29 20:39:47.906  INFO 14538 --- [    Test worker] .b.t.c.SpringBootTestContextBootstrapper : Neither @ContextConfiguration nor @ContextHierarchy found for test class [com.ciber12.calculator12.CalculatorApplicationTests], using SpringBootContextLoader
2022-04-29 20:39:47.908  INFO 14538 --- [    Test worker] o.s.t.c.support.AbstractContextLoader    : Could not detect default resource locations for test class [com.ciber12.calculator12.CalculatorApplicationTests]: no resource found for suffixes {-context.xml, Context.groovy}.
2022-04-29 20:39:47.909  INFO 14538 --- [    Test worker] t.c.s.AnnotationConfigContextLoaderUtils : Could not detect default configuration classes for test class [com.ciber12.calculator12.CalculatorApplicationTests]: CalculatorApplicationTests does not declare any static, non-private, non-final, nested classes annotated with @Configuration.
2022-04-29 20:39:47.924  INFO 14538 --- [    Test worker] .b.t.c.SpringBootTestContextBootstrapper : Found @SpringBootConfiguration com.ciber12.calculator12.Calculator12Application for test class com.ciber12.calculator12.CalculatorApplicationTests
2022-04-29 20:39:47.930  INFO 14538 --- [    Test worker] .b.t.c.SpringBootTestContextBootstrapper : Loaded default TestExecutionListener class names from location [META-INF/spring.factories]: [org.springframework.boot.test.autoconfigure.restdocs.RestDocsTestExecutionListener, org.springframework.boot.test.autoconfigure.web.client.MockRestServiceServerResetTestExecutionListener, org.springframework.boot.test.autoconfigure.web.servlet.MockMvcPrintOnlyOnFailureTestExecutionListener, org.springframework.boot.test.autoconfigure.web.servlet.WebDriverTestExecutionListener, org.springframework.boot.test.autoconfigure.webservices.client.MockWebServiceServerTestExecutionListener, org.springframework.boot.test.mock.mockito.MockitoTestExecutionListener, org.springframework.boot.test.mock.mockito.ResetMocksTestExecutionListener, org.springframework.test.context.web.ServletTestExecutionListener, org.springframework.test.context.support.DirtiesContextBeforeModesTestExecutionListener, org.springframework.test.context.event.ApplicationEventsTestExecutionListener, org.springframework.test.context.support.DependencyInjectionTestExecutionListener, org.springframework.test.context.support.DirtiesContextTestExecutionListener, org.springframework.test.context.transaction.TransactionalTestExecutionListener, org.springframework.test.context.jdbc.SqlScriptsTestExecutionListener, org.springframework.test.context.event.EventPublishingTestExecutionListener]
2022-04-29 20:39:47.937  INFO 14538 --- [    Test worker] .b.t.c.SpringBootTestContextBootstrapper : Using TestExecutionListeners: [org.springframework.test.context.web.ServletTestExecutionListener@38087342, org.springframework.test.context.support.DirtiesContextBeforeModesTestExecutionListener@681de87f, org.springframework.test.context.event.ApplicationEventsTestExecutionListener@2eb1c615, org.springframework.boot.test.mock.mockito.MockitoTestExecutionListener@2674d4f6, org.springframework.boot.test.autoconfigure.SpringBootDependencyInjectionTestExecutionListener@5d9d2119, org.springframework.test.context.support.DirtiesContextTestExecutionListener@5a4464c5, org.springframework.test.context.event.EventPublishingTestExecutionListener@7ae590f6, org.springframework.boot.test.autoconfigure.restdocs.RestDocsTestExecutionListener@7ab63838, org.springframework.boot.test.autoconfigure.web.client.MockRestServiceServerResetTestExecutionListener@4e974b9e, org.springframework.boot.test.autoconfigure.web.servlet.MockMvcPrintOnlyOnFailureTestExecutionListener@370c7cc5, org.springframework.boot.test.autoconfigure.web.servlet.WebDriverTestExecutionListener@61b838f2, org.springframework.boot.test.autoconfigure.webservices.client.MockWebServiceServerTestExecutionListener@2a04ab05, org.springframework.boot.test.mock.mockito.ResetMocksTestExecutionListener@5ebbde60]
]]></system-out>
  <system-err><![CDATA[]]></system-err>
</testsuite>
