<?xml version="1.0" encoding="UTF-8"?>
<testsuite name="com.ciber12.calculator12.Calculator12ApplicationTests" tests="1" skipped="0" failures="0" errors="0" timestamp="2022-04-29T18:39:47" hostname="DEBDOCKER-35" time="0.849">
  <properties/>
  <testcase name="contextLoads()" classname="com.ciber12.calculator12.Calculator12ApplicationTests" time="0.849"/>
  <system-out><![CDATA[20:39:40.488 [Test worker] DEBUG org.springframework.test.context.BootstrapUtils - Instantiating CacheAwareContextLoaderDelegate from class [org.springframework.test.context.cache.DefaultCacheAwareContextLoaderDelegate]
20:39:40.518 [Test worker] DEBUG org.springframework.test.context.BootstrapUtils - Instantiating BootstrapContext using constructor [public org.springframework.test.context.support.DefaultBootstrapContext(java.lang.Class,org.springframework.test.context.CacheAwareContextLoaderDelegate)]
20:39:40.634 [Test worker] DEBUG org.springframework.test.context.BootstrapUtils - Instantiating TestContextBootstrapper for test class [com.ciber12.calculator12.Calculator12ApplicationTests] from class [org.springframework.boot.test.context.SpringBootTestContextBootstrapper]
20:39:40.667 [Test worker] INFO org.springframework.boot.test.context.SpringBootTestContextBootstrapper - Neither @ContextConfiguration nor @ContextHierarchy found for test class [com.ciber12.calculator12.Calculator12ApplicationTests], using SpringBootContextLoader
20:39:40.678 [Test worker] DEBUG org.springframework.test.context.support.AbstractContextLoader - Did not detect default resource location for test class [com.ciber12.calculator12.Calculator12ApplicationTests]: class path resource [com/ciber12/calculator12/Calculator12ApplicationTests-context.xml] does not exist
20:39:40.682 [Test worker] DEBUG org.springframework.test.context.support.AbstractContextLoader - Did not detect default resource location for test class [com.ciber12.calculator12.Calculator12ApplicationTests]: class path resource [com/ciber12/calculator12/Calculator12ApplicationTestsContext.groovy] does not exist
20:39:40.684 [Test worker] INFO org.springframework.test.context.support.AbstractContextLoader - Could not detect default resource locations for test class [com.ciber12.calculator12.Calculator12ApplicationTests]: no resource found for suffixes {-context.xml, Context.groovy}.
20:39:40.686 [Test worker] INFO org.springframework.test.context.support.AnnotationConfigContextLoaderUtils - Could not detect default configuration classes for test class [com.ciber12.calculator12.Calculator12ApplicationTests]: Calculator12ApplicationTests does not declare any static, non-private, non-final, nested classes annotated with @Configuration.
20:39:40.797 [Test worker] DEBUG org.springframework.test.context.support.ActiveProfilesUtils - Could not find an 'annotation declaring class' for annotation type [org.springframework.test.context.ActiveProfiles] and class [com.ciber12.calculator12.Calculator12ApplicationTests]
20:39:40.973 [Test worker] DEBUG org.springframework.context.annotation.ClassPathScanningCandidateComponentProvider - Identified candidate component class: file [/home/administrador/calculator12/build/classes/java/main/com/ciber12/calculator12/Calculator12Application.class]
20:39:40.999 [Test worker] INFO org.springframework.boot.test.context.SpringBootTestContextBootstrapper - Found @SpringBootConfiguration com.ciber12.calculator12.Calculator12Application for test class com.ciber12.calculator12.Calculator12ApplicationTests
20:39:41.210 [Test worker] DEBUG org.springframework.boot.test.context.SpringBootTestContextBootstrapper - @TestExecutionListeners is not present for class [com.ciber12.calculator12.Calculator12ApplicationTests]: using defaults.
20:39:41.216 [Test worker] INFO org.springframework.boot.test.context.SpringBootTestContextBootstrapper - Loaded default TestExecutionListener class names from location [META-INF/spring.factories]: [org.springframework.boot.test.autoconfigure.restdocs.RestDocsTestExecutionListener, org.springframework.boot.test.autoconfigure.web.client.MockRestServiceServerResetTestExecutionListener, org.springframework.boot.test.autoconfigure.web.servlet.MockMvcPrintOnlyOnFailureTestExecutionListener, org.springframework.boot.test.autoconfigure.web.servlet.WebDriverTestExecutionListener, org.springframework.boot.test.autoconfigure.webservices.client.MockWebServiceServerTestExecutionListener, org.springframework.boot.test.mock.mockito.MockitoTestExecutionListener, org.springframework.boot.test.mock.mockito.ResetMocksTestExecutionListener, org.springframework.test.context.web.ServletTestExecutionListener, org.springframework.test.context.support.DirtiesContextBeforeModesTestExecutionListener, org.springframework.test.context.event.ApplicationEventsTestExecutionListener, org.springframework.test.context.support.DependencyInjectionTestExecutionListener, org.springframework.test.context.support.DirtiesContextTestExecutionListener, org.springframework.test.context.transaction.TransactionalTestExecutionListener, org.springframework.test.context.jdbc.SqlScriptsTestExecutionListener, org.springframework.test.context.event.EventPublishingTestExecutionListener]
20:39:41.244 [Test worker] DEBUG org.springframework.boot.test.context.SpringBootTestContextBootstrapper - Skipping candidate TestExecutionListener [org.springframework.test.context.transaction.TransactionalTestExecutionListener] due to a missing dependency. Specify custom listener classes or make the default listener classes and their required dependencies available. Offending class: [org/springframework/transaction/interceptor/TransactionAttributeSource]
20:39:41.246 [Test worker] DEBUG org.springframework.boot.test.context.SpringBootTestContextBootstrapper - Skipping candidate TestExecutionListener [org.springframework.test.context.jdbc.SqlScriptsTestExecutionListener] due to a missing dependency. Specify custom listener classes or make the default listener classes and their required dependencies available. Offending class: [org/springframework/transaction/interceptor/TransactionAttribute]
20:39:41.250 [Test worker] INFO org.springframework.boot.test.context.SpringBootTestContextBootstrapper - Using TestExecutionListeners: [org.springframework.test.context.web.ServletTestExecutionListener@25748410, org.springframework.test.context.support.DirtiesContextBeforeModesTestExecutionListener@2b43529a, org.springframework.test.context.event.ApplicationEventsTestExecutionListener@4264b240, org.springframework.boot.test.mock.mockito.MockitoTestExecutionListener@5b04476e, org.springframework.boot.test.autoconfigure.SpringBootDependencyInjectionTestExecutionListener@5ad10c1a, org.springframework.test.context.support.DirtiesContextTestExecutionListener@6bb75258, org.springframework.test.context.event.EventPublishingTestExecutionListener@c260bdc, org.springframework.boot.test.autoconfigure.restdocs.RestDocsTestExecutionListener@75e01201, org.springframework.boot.test.autoconfigure.web.client.MockRestServiceServerResetTestExecutionListener@2783717b, org.springframework.boot.test.autoconfigure.web.servlet.MockMvcPrintOnlyOnFailureTestExecutionListener@76f7d241, org.springframework.boot.test.autoconfigure.web.servlet.WebDriverTestExecutionListener@4a335fa8, org.springframework.boot.test.autoconfigure.webservices.client.MockWebServiceServerTestExecutionListener@3f363cf5, org.springframework.boot.test.mock.mockito.ResetMocksTestExecutionListener@3829ac1]
20:39:41.258 [Test worker] DEBUG org.springframework.test.context.support.AbstractDirtiesContextTestExecutionListener - Before test class: context [DefaultTestContext@3234f74e testClass = Calculator12ApplicationTests, testInstance = [null], testMethod = [null], testException = [null], mergedContextConfiguration = [WebMergedContextConfiguration@7bc10d84 testClass = Calculator12ApplicationTests, locations = '{}', classes = '{class com.ciber12.calculator12.Calculator12Application}', contextInitializerClasses = '[]', activeProfiles = '{}', propertySourceLocations = '{}', propertySourceProperties = '{org.springframework.boot.test.context.SpringBootTestContextBootstrapper=true}', contextCustomizers = set[org.springframework.boot.test.autoconfigure.actuate.metrics.MetricsExportContextCustomizerFactory$DisableMetricExportContextCustomizer@600b90df, org.springframework.boot.test.autoconfigure.properties.PropertyMappingContextCustomizer@0, org.springframework.boot.test.autoconfigure.web.servlet.WebDriverContextCustomizerFactory$Customizer@60df60da, org.springframework.boot.test.context.filter.ExcludeFilterContextCustomizer@632ceb35, org.springframework.boot.test.json.DuplicateJsonObjectContextCustomizerFactory$DuplicateJsonObjectContextCustomizer@1458ed9c, org.springframework.boot.test.mock.mockito.MockitoContextCustomizer@0, org.springframework.boot.test.web.client.TestRestTemplateContextCustomizer@3899782c, org.springframework.boot.test.context.SpringBootTestArgs@1, org.springframework.boot.test.context.SpringBootTestWebEnvironment@68567e20], resourceBasePath = 'src/main/webapp', contextLoader = 'org.springframework.boot.test.context.SpringBootContextLoader', parent = [null]], attributes = map['org.springframework.test.context.web.ServletTestExecutionListener.activateListener' -> true]], class annotated with @DirtiesContext [false] with mode [null].

  .   ____          _            __ _ _
 /\\ / ___'_ __ _ _(_)_ __  __ _ \ \ \ \
( ( )\___ | '_ | '_| | '_ \/ _` | \ \ \ \
 \\/  ___)| |_)| | | | | || (_| |  ) ) ) )
  '  |____| .__|_| |_|_| |_\__, | / / / /
 =========|_|==============|___/=/_/_/_/
 :: Spring Boot ::                (v2.6.7)

2022-04-29 20:39:42.140  INFO 14538 --- [    Test worker] c.c.c.Calculator12ApplicationTests       : Starting Calculator12ApplicationTests using Java 11.0.14 on DEBDOCKER-35 with PID 14538 (started by administrador in /home/administrador/calculator12)
2022-04-29 20:39:42.148  INFO 14538 --- [    Test worker] c.c.c.Calculator12ApplicationTests       : No active profile set, falling back to 1 default profile: "default"
2022-04-29 20:39:46.966  INFO 14538 --- [    Test worker] c.c.c.Calculator12ApplicationTests       : Started Calculator12ApplicationTests in 5.592 seconds (JVM running for 9.122)
]]></system-out>
  <system-err><![CDATA[]]></system-err>
</testsuite>
